<?xml version="1.0" encoding="UTF-8"?>
<testng-results skipped="0" failed="0" ignored="0" total="2" passed="2">
  <reporter-output>
  </reporter-output>
  <suite name="InteBankingV1" duration-ms="72768" started-at="2019-06-13T09:28:22Z" finished-at="2019-06-13T09:29:35Z">
    <groups>
    </groups>
    <test name="BankingApp Test" duration-ms="72768" started-at="2019-06-13T09:28:22Z" finished-at="2019-06-13T09:29:35Z">
      <class name="com.inetbanking.testCases.TC_AddCustomeTest_003">
        <test-method status="PASS" signature="setup(java.lang.String)[pri:0, instance:com.inetbanking.testCases.TC_AddCustomeTest_003@57829d67]" name="setup" is-config="true" duration-ms="12017" started-at="2019-06-13T09:28:50Z" finished-at="2019-06-13T09:29:02Z">
          <params>
            <param index="0">
              <value>
                <![CDATA[chrome]]>
              </value>
            </param>
          </params>
          <reporter-output>
          </reporter-output>
        </test-method> <!-- setup -->
        <test-method status="PASS" signature="addNewCustomer()[pri:0, instance:com.inetbanking.testCases.TC_AddCustomeTest_003@57829d67]" name="addNewCustomer" duration-ms="32060" started-at="2019-06-13T09:29:02Z" finished-at="2019-06-13T09:29:34Z">
          <reporter-output>
          </reporter-output>
        </test-method> <!-- addNewCustomer -->
        <test-method status="PASS" signature="teardown()[pri:0, instance:com.inetbanking.testCases.TC_AddCustomeTest_003@57829d67]" name="teardown" is-config="true" duration-ms="905" started-at="2019-06-13T09:29:34Z" finished-at="2019-06-13T09:29:35Z">
          <reporter-output>
          </reporter-output>
        </test-method> <!-- teardown -->
      </class> <!-- com.inetbanking.testCases.TC_AddCustomeTest_003 -->
      <class name="com.inetbanking.testCases.TC_LoginTest_001">
        <test-method status="PASS" signature="setup(java.lang.String)[pri:0, instance:com.inetbanking.testCases.TC_LoginTest_001@5b464ce8]" name="setup" is-config="true" duration-ms="17648" started-at="2019-06-13T09:28:23Z" finished-at="2019-06-13T09:28:40Z">
          <params>
            <param index="0">
              <value>
                <![CDATA[chrome]]>
              </value>
            </param>
          </params>
          <reporter-output>
          </reporter-output>
        </test-method> <!-- setup -->
        <test-method status="PASS" signature="loginTest()[pri:0, instance:com.inetbanking.testCases.TC_LoginTest_001@5b464ce8]" name="loginTest" duration-ms="8737" started-at="2019-06-13T09:28:40Z" finished-at="2019-06-13T09:28:49Z">
          <reporter-output>
          </reporter-output>
        </test-method> <!-- loginTest -->
        <test-method status="PASS" signature="teardown()[pri:0, instance:com.inetbanking.testCases.TC_LoginTest_001@5b464ce8]" name="teardown" is-config="true" duration-ms="963" started-at="2019-06-13T09:28:49Z" finished-at="2019-06-13T09:28:50Z">
          <reporter-output>
          </reporter-output>
        </test-method> <!-- teardown -->
      </class> <!-- com.inetbanking.testCases.TC_LoginTest_001 -->
    </test> <!-- BankingApp Test -->
  </suite> <!-- InteBankingV1 -->
</testng-results>
