<?xml version="1.0" encoding="UTF-8"?>
<!-- Generated by org.testng.reporters.JUnitXMLReporter -->
<testsuite hostname="SDF4110IPM096" ignored="0" name="BankingApp Test" tests="2" failures="0" timestamp="13 Jun 2019 09:29:35 GMT" time="72.768" errors="0">
  <testcase name="loginTest" time="8.737" classname="com.inetbanking.testCases.TC_LoginTest_001"/>
  <testcase name="addNewCustomer" time="32.06" classname="com.inetbanking.testCases.TC_AddCustomeTest_003"/>
</testsuite> <!-- BankingApp Test -->
